/*C2*/SET SCHEMA PUBLIC
DELETE FROM ITEM WHERE ID=3
INSERT INTO ITEM VALUES(3,'asd','ad',8)
COMMIT
DELETE FROM ITEM WHERE ID=4
INSERT INTO ITEM VALUES(4,'test','http://lenta.tu',9)
COMMIT
DELETE FROM ITEM WHERE ID=3
INSERT INTO ITEM VALUES(3,'asd','ad',9)
COMMIT
DELETE FROM ITEM WHERE ID=4
INSERT INTO ITEM VALUES(4,'test','http://lenta.tu',10)
COMMIT
DELETE FROM ITEM WHERE ID=3
INSERT INTO ITEM VALUES(3,'asd','ad',10)
COMMIT
DELETE FROM ITEM WHERE ID=4
INSERT INTO ITEM VALUES(4,'test','http://lenta.tu',11)
COMMIT
DELETE FROM ITEM WHERE ID=3
INSERT INTO ITEM VALUES(3,'asd','ad',11)
COMMIT
DELETE FROM ITEM WHERE ID=4
INSERT INTO ITEM VALUES(4,'test','http://lenta.tu',12)
COMMIT
DELETE FROM ITEM WHERE ID=3
INSERT INTO ITEM VALUES(3,'asd','ad',12)
COMMIT
DELETE FROM ITEM WHERE ID=4
INSERT INTO ITEM VALUES(4,'test','http://lenta.tu',13)
COMMIT
DELETE FROM ITEM WHERE ID=3
INSERT INTO ITEM VALUES(3,'asd','ad',13)
COMMIT
DELETE FROM ITEM WHERE ID=4
INSERT INTO ITEM VALUES(4,'test','http://lenta.tu',14)
COMMIT
DELETE FROM ITEM WHERE ID=3
INSERT INTO ITEM VALUES(3,'asd','ad',14)
COMMIT
DELETE FROM ITEM WHERE ID=4
INSERT INTO ITEM VALUES(4,'test','http://lenta.tu',15)
COMMIT
DELETE FROM ITEM WHERE ID=3
INSERT INTO ITEM VALUES(3,'asd','ad',15)
COMMIT
DELETE FROM ITEM WHERE ID=4
INSERT INTO ITEM VALUES(4,'test','http://lenta.tu',16)
COMMIT
DELETE FROM ITEM WHERE ID=3
INSERT INTO ITEM VALUES(3,'asd','ad',16)
COMMIT
DELETE FROM ITEM WHERE ID=5
INSERT INTO ITEM VALUES(5,'\u0410\u0434\u043c\u0438\u043d\u0438\u0441\u0442\u0440\u0438\u0440\u043e\u0432\u0430\u043d\u0438\u0435 \u0438 \u043d\u0430\u0441\u0442\u0440\u043e\u0439\u043a\u0430   Skip to end of metadata','http://wiki.masterdm.ru/pages/viewpage.action?pageId=885293',17)
COMMIT
DELETE FROM ITEM WHERE ID=4
INSERT INTO ITEM VALUES(4,'test','http://lenta.tu',17)
COMMIT
DELETE FROM ITEM WHERE ID=3
INSERT INTO ITEM VALUES(3,'asd','ad',17)
COMMIT
DELETE FROM ITEM WHERE ID=2
INSERT INTO ITEM VALUES(2,'adfs','ad',17)
COMMIT
DELETE FROM ITEM WHERE ID=5
INSERT INTO ITEM VALUES(5,'\u0410\u0434\u043c\u0438\u043d\u0438\u0441\u0442\u0440\u0438\u0440\u043e\u0432\u0430\u043d\u0438\u0435 \u0438 \u043d\u0430\u0441\u0442\u0440\u043e\u0439\u043a\u0430   Skip to end of metadata','http://wiki.masterdm.ru/pages/viewpage.action?pageId=885293',18)
COMMIT
DELETE FROM ITEM WHERE ID=4
INSERT INTO ITEM VALUES(4,'test','http://lenta.tu',18)
COMMIT
DELETE FROM ITEM WHERE ID=3
INSERT INTO ITEM VALUES(3,'asd','ad',18)
COMMIT
DELETE FROM ITEM WHERE ID=2
INSERT INTO ITEM VALUES(2,'adfs','ad',18)
COMMIT
DELETE FROM ITEM WHERE ID=5
INSERT INTO ITEM VALUES(5,'\u0410\u0434\u043c\u0438\u043d\u0438\u0441\u0442\u0440\u0438\u0440\u043e\u0432\u0430\u043d\u0438\u0435 \u0438 \u043d\u0430\u0441\u0442\u0440\u043e\u0439\u043a\u0430   Skip to end of metadata','http://wiki.masterdm.ru/pages/viewpage.action?pageId=885293',19)
COMMIT
DELETE FROM ITEM WHERE ID=4
INSERT INTO ITEM VALUES(4,'test','http://lenta.tu',19)
COMMIT
DELETE FROM ITEM WHERE ID=3
INSERT INTO ITEM VALUES(3,'asd','ad',19)
COMMIT
DELETE FROM ITEM WHERE ID=2
INSERT INTO ITEM VALUES(2,'adfs','ad',19)
COMMIT
DELETE FROM ITEM WHERE ID=1
INSERT INTO ITEM VALUES(1,'222','22',19)
COMMIT
DELETE FROM ITEM WHERE ID=5
INSERT INTO ITEM VALUES(5,'\u0410\u0434\u043c\u0438\u043d\u0438\u0441\u0442\u0440\u0438\u0440\u043e\u0432\u0430\u043d\u0438\u0435 \u0438 \u043d\u0430\u0441\u0442\u0440\u043e\u0439\u043a\u0430   Skip to end of metadata','http://wiki.masterdm.ru/pages/viewpage.action?pageId=885293',20)
COMMIT
DELETE FROM ITEM WHERE ID=4
INSERT INTO ITEM VALUES(4,'test','http://lenta.tu',20)
COMMIT
DELETE FROM ITEM WHERE ID=3
INSERT INTO ITEM VALUES(3,'asd','ad',20)
COMMIT
DELETE FROM ITEM WHERE ID=2
INSERT INTO ITEM VALUES(2,'adfs','ad',20)
COMMIT
DELETE FROM ITEM WHERE ID=1
INSERT INTO ITEM VALUES(1,'222','22',20)
COMMIT
DELETE FROM ITEM WHERE ID=5
INSERT INTO ITEM VALUES(5,'\u0410\u0434\u043c\u0438\u043d\u0438\u0441\u0442\u0440\u0438\u0440\u043e\u0432\u0430\u043d\u0438\u0435 \u0438 \u043d\u0430\u0441\u0442\u0440\u043e\u0439\u043a\u0430   Skip to end of metadata','http://wiki.masterdm.ru/pages/viewpage.action?pageId=885293',21)
COMMIT
DELETE FROM ITEM WHERE ID=4
INSERT INTO ITEM VALUES(4,'test','http://lenta.tu',21)
COMMIT
DELETE FROM ITEM WHERE ID=3
INSERT INTO ITEM VALUES(3,'asd','ad',21)
COMMIT
DELETE FROM ITEM WHERE ID=2
INSERT INTO ITEM VALUES(2,'adfs','ad',21)
COMMIT
DELETE FROM ITEM WHERE ID=1
INSERT INTO ITEM VALUES(1,'222','22',21)
COMMIT
DELETE FROM ITEM WHERE ID=5
INSERT INTO ITEM VALUES(5,'\u0410\u0434\u043c\u0438\u043d\u0438\u0441\u0442\u0440\u0438\u0440\u043e\u0432\u0430\u043d\u0438\u0435 \u0438 \u043d\u0430\u0441\u0442\u0440\u043e\u0439\u043a\u0430   Skip to end of metadata','http://wiki.masterdm.ru/pages/viewpage.action?pageId=885293',22)
COMMIT
DELETE FROM ITEM WHERE ID=4
INSERT INTO ITEM VALUES(4,'test','http://lenta.tu',22)
COMMIT
DELETE FROM ITEM WHERE ID=3
INSERT INTO ITEM VALUES(3,'asd','ad',22)
COMMIT
DELETE FROM ITEM WHERE ID=2
INSERT INTO ITEM VALUES(2,'adfs','ad',22)
COMMIT
DELETE FROM ITEM WHERE ID=1
INSERT INTO ITEM VALUES(1,'222','22',22)
COMMIT
DELETE FROM ITEM WHERE ID=5
INSERT INTO ITEM VALUES(5,'\u0410\u0434\u043c\u0438\u043d\u0438\u0441\u0442\u0440\u0438\u0440\u043e\u0432\u0430\u043d\u0438\u0435 \u0438 \u043d\u0430\u0441\u0442\u0440\u043e\u0439\u043a\u0430   Skip to end of metadata','http://wiki.masterdm.ru/pages/viewpage.action?pageId=885293',23)
COMMIT
DELETE FROM ITEM WHERE ID=4
INSERT INTO ITEM VALUES(4,'test','http://lenta.tu',23)
COMMIT
DELETE FROM ITEM WHERE ID=3
INSERT INTO ITEM VALUES(3,'asd','ad',23)
COMMIT
DELETE FROM ITEM WHERE ID=2
INSERT INTO ITEM VALUES(2,'adfs','ad',23)
COMMIT
DELETE FROM ITEM WHERE ID=1
INSERT INTO ITEM VALUES(1,'222','22',23)
COMMIT
DELETE FROM ITEM WHERE ID=3
INSERT INTO ITEM VALUES(3,'asd','ad',24)
COMMIT
DELETE FROM ITEM WHERE ID=2
INSERT INTO ITEM VALUES(2,'adfs','ad',24)
COMMIT
DELETE FROM ITEM WHERE ID=1
INSERT INTO ITEM VALUES(1,'222','22',24)
COMMIT
DELETE FROM ITEM WHERE ID=3
INSERT INTO ITEM VALUES(3,'asd','ad',25)
COMMIT
DELETE FROM ITEM WHERE ID=2
INSERT INTO ITEM VALUES(2,'adfs','ad',25)
COMMIT
DELETE FROM ITEM WHERE ID=1
INSERT INTO ITEM VALUES(1,'222','22',25)
COMMIT
DELETE FROM ITEM WHERE ID=3
INSERT INTO ITEM VALUES(3,'asd','ad',26)
COMMIT
DELETE FROM ITEM WHERE ID=2
INSERT INTO ITEM VALUES(2,'adfs','ad',26)
COMMIT
